[0.033s] Invoking command in '/home/abdelhak/Robotic_ws/build/action_tutorials_interfaces': CMAKE_PREFIX_PATH=${CMAKE_PREFIX_PATH}:/home/abdelhak/Robotic_ws/install/urdf_tuto:/home/abdelhak/Robotic_ws/install/py_pubsub:/home/abdelhak/Robotic_ws/install/python_parameters:/home/abdelhak/Robotic_ws/install/py_srvcli:/home/abdelhak/Robotic_ws/install/my_package:/home/abdelhak/Robotic_ws/install/learning_tf2_py:/opt/ros/humble /usr/bin/cmake /home/abdelhak/Robotic_ws/src/action_tutorials_interfaces -DAMENT_CMAKE_SYMLINK_INSTALL=1 -DCMAKE_INSTALL_PREFIX=/home/abdelhak/Robotic_ws/install/action_tutorials_interfaces
[1.026s] -- Found ament_cmake: 1.3.10 (/opt/ros/humble/share/ament_cmake/cmake)
[1.026s] -- Override CMake install command with custom implementation using symlinks instead of copying resources
[1.027s] -- Found rosidl_default_generators: 1.2.0 (/opt/ros/humble/share/rosidl_default_generators/cmake)
[1.027s] -- Using all available rosidl_typesupport_c: rosidl_typesupport_fastrtps_c;rosidl_typesupport_introspection_c
[1.027s] -- Found rosidl_adapter: 3.1.5 (/opt/ros/humble/share/rosidl_adapter/cmake)
[1.027s] -- Using all available rosidl_typesupport_cpp: rosidl_typesupport_fastrtps_cpp;rosidl_typesupport_introspection_cpp
[1.027s] -- Found ament_cmake_ros: 0.10.0 (/opt/ros/humble/share/ament_cmake_ros/cmake)
[1.027s] -- Using all available rosidl_typesupport_c: rosidl_typesupport_fastrtps_c;rosidl_typesupport_introspection_c
[1.027s] -- Using all available rosidl_typesupport_cpp: rosidl_typesupport_fastrtps_cpp;rosidl_typesupport_introspection_cpp
[1.034s] -- Found python_cmake_module: 0.10.0 (/opt/ros/humble/share/python_cmake_module/cmake)
[1.057s] -- Using PYTHON_EXECUTABLE: /usr/bin/python3
[1.057s] -- Using PYTHON_INCLUDE_DIRS: /usr/include/python3.10
[1.057s] -- Using PYTHON_LIBRARIES: /usr/lib/x86_64-linux-gnu/libpython3.10.so
[1.078s] -- Found ament_lint_auto: 0.12.11 (/opt/ros/humble/share/ament_lint_auto/cmake)
[1.096s] -- Added test 'flake8' to check Python code syntax and style conventions
[1.096s] -- Added test 'lint_cmake' to check CMake code style
[1.097s] -- Added test 'pep257' to check Python code against some of the docstring style conventions in PEP 257
[1.098s] -- Added test 'xmllint' to check XML markup files
[1.105s] -- Configuring done
[1.155s] -- Generating done
[1.158s] -- Build files have been written to: /home/abdelhak/Robotic_ws/build/action_tutorials_interfaces
[1.301s] Invoked command in '/home/abdelhak/Robotic_ws/build/action_tutorials_interfaces' returned '0': CMAKE_PREFIX_PATH=${CMAKE_PREFIX_PATH}:/home/abdelhak/Robotic_ws/install/urdf_tuto:/home/abdelhak/Robotic_ws/install/py_pubsub:/home/abdelhak/Robotic_ws/install/python_parameters:/home/abdelhak/Robotic_ws/install/py_srvcli:/home/abdelhak/Robotic_ws/install/my_package:/home/abdelhak/Robotic_ws/install/learning_tf2_py:/opt/ros/humble /usr/bin/cmake /home/abdelhak/Robotic_ws/src/action_tutorials_interfaces -DAMENT_CMAKE_SYMLINK_INSTALL=1 -DCMAKE_INSTALL_PREFIX=/home/abdelhak/Robotic_ws/install/action_tutorials_interfaces
[1.303s] Invoking command in '/home/abdelhak/Robotic_ws/build/action_tutorials_interfaces': CMAKE_PREFIX_PATH=${CMAKE_PREFIX_PATH}:/home/abdelhak/Robotic_ws/install/urdf_tuto:/home/abdelhak/Robotic_ws/install/py_pubsub:/home/abdelhak/Robotic_ws/install/python_parameters:/home/abdelhak/Robotic_ws/install/py_srvcli:/home/abdelhak/Robotic_ws/install/my_package:/home/abdelhak/Robotic_ws/install/learning_tf2_py:/opt/ros/humble /usr/bin/cmake --build /home/abdelhak/Robotic_ws/build/action_tutorials_interfaces -- -j12 -l12
[1.343s] [35m[1mConsolidate compiler generated dependencies of target action_tutorials_interfaces__rosidl_generator_c[0m
[1.353s] failed to create symbolic link '/home/abdelhak/Robotic_ws/build/action_tutorials_interfaces/ament_cmake_python/action_tutorials_interfaces/action_tutorials_interfaces' because existing path cannot be removed: Is a directory
[1.354s] gmake[2]: *** [CMakeFiles/ament_cmake_python_symlink_action_tutorials_interfaces.dir/build.make:70: CMakeFiles/ament_cmake_python_symlink_action_tutorials_interfaces] Error 1
[1.355s] gmake[1]: *** [CMakeFiles/Makefile2:421: CMakeFiles/ament_cmake_python_symlink_action_tutorials_interfaces.dir/all] Error 2
[1.355s] gmake[1]: *** Waiting for unfinished jobs....
[1.355s] [  3%] Built target action_tutorials_interfaces__cpp
[1.358s] [ 12%] Built target action_tutorials_interfaces__rosidl_generator_c
[1.359s] gmake: *** [Makefile:146: all] Error 2
[1.362s] Invoked command in '/home/abdelhak/Robotic_ws/build/action_tutorials_interfaces' returned '2': CMAKE_PREFIX_PATH=${CMAKE_PREFIX_PATH}:/home/abdelhak/Robotic_ws/install/urdf_tuto:/home/abdelhak/Robotic_ws/install/py_pubsub:/home/abdelhak/Robotic_ws/install/python_parameters:/home/abdelhak/Robotic_ws/install/py_srvcli:/home/abdelhak/Robotic_ws/install/my_package:/home/abdelhak/Robotic_ws/install/learning_tf2_py:/opt/ros/humble /usr/bin/cmake --build /home/abdelhak/Robotic_ws/build/action_tutorials_interfaces -- -j12 -l12
